{"numTotalTestSuites":3,"numPassedTestSuites":3,"numFailedTestSuites":0,"numPendingTestSuites":0,"numTotalTests":6,"numPassedTests":6,"numFailedTests":0,"numPendingTests":0,"numTodoTests":0,"snapshot":{"added":0,"failure":false,"filesAdded":0,"filesRemoved":0,"filesRemovedList":[],"filesUnmatched":0,"filesUpdated":0,"matched":0,"total":0,"unchecked":0,"uncheckedKeysByFile":[],"unmatched":0,"updated":0,"didUpdate":false},"startTime":1771860535094,"success":true,"testResults":[{"assertionResults":[{"ancestorTitles":["useTasks hook"],"fullName":"useTasks hook starts with loading and loads tasks from supabase","status":"passed","title":"starts with loading and loads tasks from supabase","duration":89.96960000000001,"failureMessages":[],"meta":{}},{"ancestorTitles":["useTasks hook"],"fullName":"useTasks hook adds a task with optimistic update and syncs to DB","status":"passed","title":"adds a task with optimistic update and syncs to DB","duration":79.10220000000004,"failureMessages":[],"meta":{}},{"ancestorTitles":["useTasks hook"],"fullName":"useTasks hook computes aggregate task stats","status":"passed","title":"computes aggregate task stats","duration":73.97969999999987,"failureMessages":[],"meta":{}},{"ancestorTitles":["useTasks hook"],"fullName":"useTasks hook clears all tasks","status":"passed","title":"clears all tasks","duration":74.42380000000003,"failureMessages":[],"meta":{}},{"ancestorTitles":["computeMetrics"],"fullName":"computeMetrics marks overdue pending tasks as overdue","status":"passed","title":"marks overdue pending tasks as overdue","duration":1.8105000000000473,"failureMessages":[],"meta":{}},{"ancestorTitles":["computeMetrics"],"fullName":"computeMetrics does not mark completed tasks as overdue","status":"passed","title":"does not mark completed tasks as overdue","duration":0.365099999999984,"failureMessages":[],"meta":{}}],"startTime":1771860536145,"endTime":1771860536465.365,"status":"passed","message":"","name":"C:/Project/lovable/quadrant-calm/src/test/use-tasks.test.ts"}]}
